<?xml version="1.0" encoding="UTF-8"?>
<testng-results ignored="0" total="1" passed="0" failed="1" skipped="0">
  <reporter-output>
  </reporter-output>
  <suite started-at="2025-04-05T15:24:34 IST" name="Default suite" finished-at="2025-04-05T15:24:51 IST" duration-ms="16525">
    <groups>
    </groups>
    <test started-at="2025-04-05T15:24:34 IST" name="Default test" finished-at="2025-04-05T15:24:51 IST" duration-ms="16525">
      <class name="pageObjectModel.PageObjectTestClass">
        <test-method is-config="true" signature="tearUp()[pri:0, instance:pageObjectModel.PageObjectTestClass@a1153bc]" started-at="2025-04-05T15:24:34 IST" name="tearUp" finished-at="2025-04-05T15:24:40 IST" duration-ms="5343" status="PASS">
          <reporter-output>
          </reporter-output>
        </test-method> <!-- tearUp -->
        <test-method signature="loginTest()[pri:1, instance:pageObjectModel.PageObjectTestClass@a1153bc]" started-at="2025-04-05T15:24:40 IST" name="loginTest" finished-at="2025-04-05T15:24:51 IST" duration-ms="11028" status="FAIL">
          <exception class="org.openqa.selenium.support.ui.UnexpectedTagNameException">
            <message>
              <![CDATA[Element should have been "select" but was "div"
Build info: version: '4.27.0', revision: 'd6e718d134'
System info: os.name: 'Windows 11', os.arch: 'amd64', os.version: '10.0', java.version: '23.0.2'
Driver info: driver.version: unknown]]>
            </message>
            <full-stacktrace>
              <![CDATA[org.openqa.selenium.support.ui.UnexpectedTagNameException: Element should have been "select" but was "div"
Build info: version: '4.27.0', revision: 'd6e718d134'
System info: os.name: 'Windows 11', os.arch: 'amd64', os.version: '10.0', java.version: '23.0.2'
Driver info: driver.version: unknown
at org.openqa.selenium.support.ui.Select.<init>(Select.java:44)
at pageObjectModel.PageObjectClass.userRole(PageObjectClass.java:107)
at pageObjectModel.PageObjectTestClass.loginTest(PageObjectTestClass.java:53)
at java.base/jdk.internal.reflect.DirectMethodHandleAccessor.invoke(DirectMethodHandleAccessor.java:103)
at java.base/java.lang.reflect.Method.invoke(Method.java:580)
at org.testng.internal.MethodInvocationHelper.invokeMethod(MethodInvocationHelper.java:133)
at org.testng.internal.TestInvoker.invokeMethod(TestInvoker.java:598)
at org.testng.internal.TestInvoker.invokeTestMethod(TestInvoker.java:173)
at org.testng.internal.MethodRunner.runInSequence(MethodRunner.java:46)
at org.testng.internal.TestInvoker$MethodInvocationAgent.invoke(TestInvoker.java:824)
at org.testng.internal.TestInvoker.invokeTestMethods(TestInvoker.java:146)
at org.testng.internal.TestMethodWorker.invokeTestMethods(TestMethodWorker.java:146)
at org.testng.internal.TestMethodWorker.run(TestMethodWorker.java:128)
at java.base/java.util.ArrayList.forEach(ArrayList.java:1597)
at org.testng.TestRunner.privateRun(TestRunner.java:794)
at org.testng.TestRunner.run(TestRunner.java:596)
at org.testng.SuiteRunner.runTest(SuiteRunner.java:377)
at org.testng.SuiteRunner.runSequentially(SuiteRunner.java:371)
at org.testng.SuiteRunner.privateRun(SuiteRunner.java:332)
at org.testng.SuiteRunner.run(SuiteRunner.java:276)
at org.testng.SuiteRunnerWorker.runSuite(SuiteRunnerWorker.java:53)
at org.testng.SuiteRunnerWorker.run(SuiteRunnerWorker.java:96)
at org.testng.TestNG.runSuitesSequentially(TestNG.java:1212)
at org.testng.TestNG.runSuitesLocally(TestNG.java:1134)
at org.testng.TestNG.runSuites(TestNG.java:1063)
at org.testng.TestNG.run(TestNG.java:1031)
at org.testng.remote.AbstractRemoteTestNG.run(AbstractRemoteTestNG.java:115)
at org.testng.remote.RemoteTestNG.initAndRun(RemoteTestNG.java:293)
at org.testng.remote.RemoteTestNG.main(RemoteTestNG.java:91)
]]>
            </full-stacktrace>
          </exception> <!-- org.openqa.selenium.support.ui.UnexpectedTagNameException -->
          <reporter-output>
          </reporter-output>
        </test-method> <!-- loginTest -->
        <test-method is-config="true" signature="tearDown()[pri:0, instance:pageObjectModel.PageObjectTestClass@a1153bc]" started-at="2025-04-05T15:24:51 IST" name="tearDown" finished-at="2025-04-05T15:24:51 IST" duration-ms="105" status="PASS">
          <reporter-output>
          </reporter-output>
        </test-method> <!-- tearDown -->
      </class> <!-- pageObjectModel.PageObjectTestClass -->
    </test> <!-- Default test -->
  </suite> <!-- Default suite -->
</testng-results>
